2020-10-08 22:52:46 INFO  Main:26 - started
2020-10-08 22:52:46 INFO  Main:37 - Size before add book = 7
2020-10-08 22:52:46 ERROR Main:21 - This book New Book was not found in the list
by.epam.evm.book.data.DataException: This book New Book was not found in the list
	at by.epam.evm.book.data.dao.ListBookDao.addBook(ListBookDao.java:30)
	at by.epam.evm.book.Main.run(Main.java:38)
	at by.epam.evm.book.Main.main(Main.java:19)
2020-10-08 22:54:03 INFO  Main:26 - started
2020-10-08 22:54:03 INFO  Main:37 - Size before add book = 7
2020-10-08 22:54:03 INFO  Main:39 - Size after add book = 8
2020-10-08 22:54:03 ERROR Main:21 - This book New Book was not found in the list
by.epam.evm.book.data.DataException: This book New Book was not found in the list
	at by.epam.evm.book.data.dao.ListBookDao.removeBook(ListBookDao.java:38)
	at by.epam.evm.book.Main.run(Main.java:40)
	at by.epam.evm.book.Main.main(Main.java:19)
2020-10-08 22:54:58 INFO  Main:26 - started
2020-10-08 22:54:58 INFO  Main:37 - Size before add book = 7
2020-10-08 22:54:58 INFO  Main:39 - Size after add book = 8
2020-10-08 22:54:58 INFO  Main:41 - Size after remove book = 7
2020-10-08 23:02:31 INFO  Main:27 - started
2020-10-08 23:02:31 INFO  Main:37 - Found book Book{id=3, title='Garry Potter part2', author='Joanne Rowling', publisher='N/A'}

2020-10-08 23:02:31 INFO  Main:40 - Size before add book = 7
2020-10-08 23:02:31 INFO  Main:42 - Size after add book = 8
2020-10-08 23:02:31 INFO  Main:44 - Size after remove book = 7
2020-10-08 23:05:16 INFO  Main:27 - started
2020-10-08 23:05:16 INFO  Main:37 - Found book Book{id=3, title='Garry Potter part2', author='Joanne Rowling', publisher='N/A'}

2020-10-08 23:05:16 INFO  Main:41 - Found book 
2020-10-08 23:05:16 INFO  Main:44 - Size before add book = 7
2020-10-08 23:05:16 INFO  Main:46 - Size after add book = 8
2020-10-08 23:05:16 INFO  Main:48 - Size after remove book = 7
2020-10-08 23:08:30 INFO  Main:27 - started
2020-10-08 23:08:31 INFO  Main:37 - Found book Book{id=3, title='Garry Potter part2', author='Joanne Rowling', publisher='N/A'}

2020-10-08 23:08:31 INFO  Main:41 - Found book Book{id=5, title='Fitnes', author='Super Trener', publisher='AAA Publisher'}
Book{id=2, title='Food Book', author='James Oliver', publisher='N/A'}
Book{id=1, title='Garry Potter', author='Joanne Rowling', publisher='Publisher'}
Book{id=3, title='Garry Potter part2', author='Joanne Rowling', publisher='N/A'}
Book{id=7, title='Method JAVA', author='Blinov, Romanchik', publisher='N/A'}
Book{id=4, title='Simon Cat', author='N/A', publisher='Publisher'}
Book{id=6, title='Think in Java', author='Bruce Eckel', publisher='Publ'}

2020-10-08 23:08:31 INFO  Main:44 - Size before add book = 7
2020-10-08 23:08:31 INFO  Main:46 - Size after add book = 8
2020-10-08 23:08:31 INFO  Main:48 - Size after remove book = 7
2020-10-08 23:09:25 INFO  Main:27 - started
2020-10-08 23:09:25 INFO  Main:37 - Found book Book{id=3, title='Garry Potter part2', author='Joanne Rowling', publisher='N/A'}

2020-10-08 23:09:25 INFO  Main:41 - Sorted book Book{id=1, title='Garry Potter', author='Joanne Rowling', publisher='Publisher'}
Book{id=2, title='Food Book', author='James Oliver', publisher='N/A'}
Book{id=3, title='Garry Potter part2', author='Joanne Rowling', publisher='N/A'}
Book{id=4, title='Simon Cat', author='N/A', publisher='Publisher'}
Book{id=5, title='Fitnes', author='Super Trener', publisher='AAA Publisher'}
Book{id=6, title='Think in Java', author='Bruce Eckel', publisher='Publ'}
Book{id=7, title='Method JAVA', author='Blinov, Romanchik', publisher='N/A'}

2020-10-08 23:09:25 INFO  Main:44 - Size before add book = 7
2020-10-08 23:09:25 INFO  Main:46 - Size after add book = 8
2020-10-08 23:09:25 INFO  Main:48 - Size after remove book = 7
